2024-07-30-13:36:31.001 INFO [main]-
                org.springframework.boot.StartupInfoLogger:55>>Starting ApiApplication using Java 1.8.0_321 on LAPTOP-B6E59SHT with PID 14992 (D:\code\java.code\springboot\project\mall\api\target\classes started by Wood in D:\code\java.code\springboot\project\mall)
2024-07-30-13:36:31.001 INFO [main]-
                org.springframework.boot.SpringApplication:662>>No active profile set, falling back to default profiles: default
2024-07-30-13:36:31.649 INFO [main]-
                org.springframework.data.repository.config.RepositoryConfigurationDelegate:250>>Multiple Spring Data modules found, entering strict repository configuration mode!
2024-07-30-13:36:31.651 INFO [main]-
                org.springframework.data.repository.config.RepositoryConfigurationDelegate:128>>Bootstrapping Spring Data Redis repositories in DEFAULT mode.
2024-07-30-13:36:31.678 INFO [main]-
                org.springframework.data.repository.config.RepositoryConfigurationDelegate:188>>Finished Spring Data repository scanning in 16 ms. Found 0 Redis repository interfaces.
2024-07-30-13:36:31.766 WARN [main]-
                org.mybatis.logging.Logger:44>>No MyBatis mapper was found in '[com.lb]' package. Please check your configuration.
2024-07-30-13:36:32.072 INFO [main]-
                org.springframework.boot.web.embedded.tomcat.TomcatWebServer:108>>Tomcat initialized with port(s): 8080 (http)
2024-07-30-13:36:32.079 INFO [main]-
                org.apache.juli.logging.DirectJDKLog:173>>Initializing ProtocolHandler ["http-nio-8080"]
2024-07-30-13:36:32.079 INFO [main]-
                org.apache.juli.logging.DirectJDKLog:173>>Starting service [Tomcat]
2024-07-30-13:36:32.079 INFO [main]-
                org.apache.juli.logging.DirectJDKLog:173>>Starting Servlet engine: [Apache Tomcat/9.0.44]
2024-07-30-13:36:32.081 INFO [main]-
                org.apache.juli.logging.DirectJDKLog:173>>Loaded Apache Tomcat Native library [1.2.39] using APR version [1.7.4].
2024-07-30-13:36:32.081 INFO [main]-
                org.apache.juli.logging.DirectJDKLog:173>>APR capabilities: IPv6 [true], sendfile [true], accept filters [false], random [true].
2024-07-30-13:36:32.081 INFO [main]-
                org.apache.juli.logging.DirectJDKLog:173>>APR/OpenSSL configuration: useAprConnector [false], useOpenSSL [true]
2024-07-30-13:36:32.092 INFO [main]-
                org.apache.juli.logging.DirectJDKLog:173>>OpenSSL successfully initialized [OpenSSL 3.0.11 19 Sep 2023]
2024-07-30-13:36:32.172 INFO [main]-
                org.apache.juli.logging.DirectJDKLog:173>>Initializing Spring embedded WebApplicationContext
2024-07-30-13:36:32.173 INFO [main]-
                org.springframework.boot.web.servlet.context.ServletWebServerApplicationContext:289>>Root WebApplicationContext: initialization completed in 1137 ms
2024-07-30-13:36:32.228 INFO [main]-
                com.alibaba.druid.spring.boot.autoconfigure.DruidDataSourceAutoConfigure:56>>Init DruidDataSource
2024-07-30-13:36:32.309 INFO [main]-
                com.alibaba.druid.pool.DruidDataSource:983>>{dataSource-1} inited
2024-07-30-13:36:33.363 INFO [main]-
                springfox.documentation.spring.web.WebMvcPropertySourcedRequestMappingHandlerMapping:69>>Mapped URL path [/v2/api-docs] onto method [springfox.documentation.swagger2.web.Swagger2ControllerWebMvc#getDocumentation(String, HttpServletRequest)]
2024-07-30-13:36:33.453 INFO [main]-
                org.springframework.scheduling.concurrent.ExecutorConfigurationSupport:181>>Initializing ExecutorService 'applicationTaskExecutor'
2024-07-30-13:36:33.533 INFO [main]-
                tk.mybatis.mapper.autoconfigure.MapperCacheDisabler:60>>Clear tk.mybatis.mapper.util.MsUtil CLASS_CACHE cache.
2024-07-30-13:36:33.534 INFO [main]-
                tk.mybatis.mapper.autoconfigure.MapperCacheDisabler:60>>Clear tk.mybatis.mapper.genid.GenIdUtil CACHE cache.
2024-07-30-13:36:33.534 INFO [main]-
                tk.mybatis.mapper.autoconfigure.MapperCacheDisabler:60>>Clear tk.mybatis.mapper.version.VersionUtil CACHE cache.
2024-07-30-13:36:33.534 INFO [main]-
                tk.mybatis.mapper.autoconfigure.MapperCacheDisabler:83>>Clear EntityHelper entityTableMap cache.
2024-07-30-13:36:33.626 INFO [main]-
                org.quartz.impl.StdSchedulerFactory:1220>>Using default implementation for ThreadExecutor
2024-07-30-13:36:33.637 INFO [main]-
                org.quartz.core.SchedulerSignalerImpl:61>>Initialized Scheduler Signaller of type: class org.quartz.core.SchedulerSignalerImpl
2024-07-30-13:36:33.637 INFO [main]-
                org.quartz.core.QuartzScheduler:229>>Quartz Scheduler v.2.3.2 created.
2024-07-30-13:36:33.638 INFO [main]-
                org.quartz.simpl.RAMJobStore:155>>RAMJobStore initialized.
2024-07-30-13:36:33.639 INFO [main]-
                org.quartz.core.QuartzScheduler:294>>Scheduler meta-data: Quartz Scheduler (v2.3.2) 'quartzScheduler' with instanceId 'NON_CLUSTERED'
  Scheduler class: 'org.quartz.core.QuartzScheduler' - running locally.
  NOT STARTED.
  Currently in standby mode.
  Number of jobs executed: 0
  Using thread pool 'org.quartz.simpl.SimpleThreadPool' - with 10 threads.
  Using job-store 'org.quartz.simpl.RAMJobStore' - which does not support persistence. and is not clustered.

2024-07-30-13:36:33.639 INFO [main]-
                org.quartz.impl.StdSchedulerFactory:1374>>Quartz scheduler 'quartzScheduler' initialized from an externally provided properties instance.
2024-07-30-13:36:33.639 INFO [main]-
                org.quartz.impl.StdSchedulerFactory:1378>>Quartz scheduler version: 2.3.2
2024-07-30-13:36:33.639 INFO [main]-
                org.quartz.core.QuartzScheduler:2293>>JobFactory set to: org.springframework.scheduling.quartz.SpringBeanJobFactory@2bd4780c
2024-07-30-13:36:33.644 INFO [main]-
                org.springframework.scheduling.concurrent.ExecutorConfigurationSupport:181>>Initializing ExecutorService 'taskScheduler'
2024-07-30-13:36:33.677 INFO [main]-
                org.apache.juli.logging.DirectJDKLog:173>>Starting ProtocolHandler ["http-nio-8080"]
2024-07-30-13:36:33.694 INFO [main]-
                org.springframework.boot.web.embedded.tomcat.TomcatWebServer:220>>Tomcat started on port(s): 8080 (http) with context path ''
2024-07-30-13:36:33.694 INFO [main]-
                springfox.documentation.spring.web.plugins.DocumentationPluginsBootstrapper:93>>Documentation plugins bootstrapped
2024-07-30-13:36:33.696 INFO [main]-
                springfox.documentation.spring.web.plugins.AbstractDocumentationPluginsBootstrapper:79>>Found 1 custom documentation plugin(s)
2024-07-30-13:36:33.720 INFO [main]-
                springfox.documentation.spring.web.scanners.ApiListingReferenceScanner:44>>Scanning for api listing references
2024-07-30-13:36:33.806 INFO [main]-
                springfox.documentation.spring.web.readers.operation.CachingOperationNameGenerator:41>>Generating unique operation named: listUsingGET_1
2024-07-30-13:36:33.813 INFO [main]-
                org.springframework.scheduling.quartz.SchedulerFactoryBean:727>>Starting Quartz Scheduler now
2024-07-30-13:36:33.813 INFO [main]-
                org.quartz.core.QuartzScheduler:547>>Scheduler quartzScheduler_$_NON_CLUSTERED started.
2024-07-30-13:36:33.822 INFO [main]-
                org.springframework.boot.StartupInfoLogger:61>>Started ApiApplication in 3.209 seconds (JVM running for 4.393)
2024-07-30-13:37:32.872 INFO [http-nio-8080-exec-1]-
                org.apache.juli.logging.DirectJDKLog:173>>Initializing Spring DispatcherServlet 'dispatcherServlet'
2024-07-30-13:37:32.873 INFO [http-nio-8080-exec-1]-
                org.springframework.web.servlet.FrameworkServlet:525>>Initializing Servlet 'dispatcherServlet'
2024-07-30-13:37:32.875 INFO [http-nio-8080-exec-1]-
                org.springframework.web.servlet.FrameworkServlet:547>>Completed initialization in 2 ms
2024-07-30-13:38:28.905 INFO [SpringContextShutdownHook]-
                org.quartz.core.QuartzScheduler:585>>Scheduler quartzScheduler_$_NON_CLUSTERED paused.
2024-07-30-13:38:29.113 INFO [SpringContextShutdownHook]-
                org.springframework.scheduling.concurrent.ExecutorConfigurationSupport:218>>Shutting down ExecutorService 'taskScheduler'
2024-07-30-13:38:29.113 INFO [SpringContextShutdownHook]-
                org.springframework.scheduling.quartz.SchedulerFactoryBean:845>>Shutting down Quartz Scheduler
2024-07-30-13:38:29.113 INFO [SpringContextShutdownHook]-
                org.quartz.core.QuartzScheduler:666>>Scheduler quartzScheduler_$_NON_CLUSTERED shutting down.
2024-07-30-13:38:29.113 INFO [SpringContextShutdownHook]-
                org.quartz.core.QuartzScheduler:585>>Scheduler quartzScheduler_$_NON_CLUSTERED paused.
2024-07-30-13:38:29.113 INFO [SpringContextShutdownHook]-
                org.quartz.core.QuartzScheduler:740>>Scheduler quartzScheduler_$_NON_CLUSTERED shutdown complete.
2024-07-30-13:38:29.113 INFO [SpringContextShutdownHook]-
                org.springframework.scheduling.concurrent.ExecutorConfigurationSupport:218>>Shutting down ExecutorService 'applicationTaskExecutor'
2024-07-30-13:38:29.243 INFO [SpringContextShutdownHook]-
                com.alibaba.druid.pool.DruidDataSource:2024>>{dataSource-1} closing ...
2024-07-30-13:38:29.247 INFO [SpringContextShutdownHook]-
                com.alibaba.druid.pool.DruidDataSource:2096>>{dataSource-1} closed
